  Decoder.cpp
c:\users\david.chakkuthara\documents\educational\ece1718h\ece1718h\encoder\quantization.h(67): warning C4244: '=': conversion from 'double' to 'int32_t', possible loss of data
c:\users\david.chakkuthara\documents\educational\ece1718h\ece1718h\encoder\intraframeprediction.h(67): warning C4018: '<': signed/unsigned mismatch
c:\users\david.chakkuthara\documents\educational\ece1718h\ece1718h\encoder\intraframeprediction.h(68): warning C4018: '<': signed/unsigned mismatch
c:\users\david.chakkuthara\documents\educational\ece1718h\ece1718h\encoder\discrete_cosine_transform.h(93): warning C4244: '=': conversion from 'double' to 'float', possible loss of data
c:\users\david.chakkuthara\documents\educational\ece1718h\ece1718h\encoder\discrete_cosine_transform.h(94): warning C4244: '=': conversion from 'double' to 'float', possible loss of data
c:\users\david.chakkuthara\documents\educational\ece1718h\ece1718h\encoder\discrete_cosine_transform.h(97): warning C4244: '+=': conversion from 'double' to 'float', possible loss of data
c:\users\david.chakkuthara\documents\educational\ece1718h\ece1718h\encoder\discrete_cosine_transform.h(101): warning C4244: '=': conversion from 'double' to 'float', possible loss of data
c:\users\david.chakkuthara\documents\educational\ece1718h\ece1718h\encoder\discrete_cosine_transform.h(102): warning C4244: '=': conversion from 'float' to 'int', possible loss of data
c:\users\david.chakkuthara\documents\educational\ece1718h\ece1718h\encoder\discrete_cosine_transform.h(115): warning C4244: '=': conversion from 'double' to 'float', possible loss of data
c:\users\david.chakkuthara\documents\educational\ece1718h\ece1718h\encoder\discrete_cosine_transform.h(116): warning C4244: '=': conversion from 'double' to 'float', possible loss of data
c:\users\david.chakkuthara\documents\educational\ece1718h\ece1718h\encoder\discrete_cosine_transform.h(119): warning C4244: '+=': conversion from 'double' to 'float', possible loss of data
c:\users\david.chakkuthara\documents\educational\ece1718h\ece1718h\encoder\discrete_cosine_transform.h(122): warning C4244: '=': conversion from 'float' to 'int32_t', possible loss of data
c:\users\david.chakkuthara\documents\educational\ece1718h\ece1718h\encoder\discrete_cosine_transform.h(137): warning C4244: '=': conversion from 'double' to 'float', possible loss of data
c:\users\david.chakkuthara\documents\educational\ece1718h\ece1718h\encoder\discrete_cosine_transform.h(138): warning C4244: '=': conversion from 'double' to 'float', possible loss of data
c:\users\david.chakkuthara\documents\educational\ece1718h\ece1718h\encoder\discrete_cosine_transform.h(139): warning C4244: '+=': conversion from 'double' to 'float', possible loss of data
c:\users\david.chakkuthara\documents\educational\ece1718h\ece1718h\encoder\discrete_cosine_transform.h(142): warning C4244: '=': conversion from 'double' to 'float', possible loss of data
c:\users\david.chakkuthara\documents\educational\ece1718h\ece1718h\encoder\discrete_cosine_transform.h(143): warning C4244: '=': conversion from 'float' to 'signed char', possible loss of data
c:\users\david.chakkuthara\documents\educational\ece1718h\ece1718h\encoder\discrete_cosine_transform.h(157): warning C4244: '=': conversion from 'double' to 'float', possible loss of data
c:\users\david.chakkuthara\documents\educational\ece1718h\ece1718h\encoder\discrete_cosine_transform.h(158): warning C4244: '=': conversion from 'double' to 'float', possible loss of data
c:\users\david.chakkuthara\documents\educational\ece1718h\ece1718h\encoder\discrete_cosine_transform.h(159): warning C4244: '+=': conversion from 'double' to 'float', possible loss of data
c:\users\david.chakkuthara\documents\educational\ece1718h\ece1718h\encoder\discrete_cosine_transform.h(162): warning C4244: '=': conversion from 'float' to 'int8_t', possible loss of data
c:\users\david.chakkuthara\documents\educational\ece1718h\ece1718h\decoder\decoder.cpp(125): warning C4018: '<': signed/unsigned mismatch
c:\users\david.chakkuthara\documents\educational\ece1718h\ece1718h\decoder\decoder.cpp(159): warning C4018: '<': signed/unsigned mismatch
c:\users\david.chakkuthara\documents\educational\ece1718h\ece1718h\decoder\decoder.cpp(159): warning C4552: '<': operator has no effect; expected operator with side-effect
c:\users\david.chakkuthara\documents\educational\ece1718h\ece1718h\decoder\decoder.cpp(176): error C2065: 'CUR_FRAME_2D': undeclared identifier
c:\users\david.chakkuthara\documents\educational\ece1718h\ece1718h\decoder\decoder.cpp(176): error C2065: 'REC_FRAME_2D': undeclared identifier
c:\users\david.chakkuthara\documents\educational\ece1718h\ece1718h\decoder\decoder.cpp(176): error C2065: 'REF_FRAME_2D': undeclared identifier
c:\users\david.chakkuthara\documents\educational\ece1718h\ece1718h\decoder\decoder.cpp(180): error C2065: 'CUR_FRAME_2D': undeclared identifier
c:\users\david.chakkuthara\documents\educational\ece1718h\ece1718h\decoder\decoder.cpp(180): error C2065: 'REC_FRAME_2D': undeclared identifier
c:\users\david.chakkuthara\documents\educational\ece1718h\ece1718h\decoder\decoder.cpp(180): error C2065: 'REF_FRAME_2D': undeclared identifier
c:\users\david.chakkuthara\documents\educational\ece1718h\ece1718h\decoder\decoder.cpp(190): error C2065: 'REF_FRAME_2D': undeclared identifier
c:\users\david.chakkuthara\documents\educational\ece1718h\ece1718h\decoder\decoder.cpp(198): warning C4018: '<': signed/unsigned mismatch
c:\users\david.chakkuthara\documents\educational\ece1718h\ece1718h\decoder\decoder.cpp(200): error C2065: 'REC_FRAME_2D': undeclared identifier
c:\users\david.chakkuthara\documents\educational\ece1718h\ece1718h\decoder\decoder.cpp(201): error C2065: 'REF_FRAME_2D': undeclared identifier
c:\users\david.chakkuthara\documents\educational\ece1718h\ece1718h\decoder\decoder.cpp(210): error C2065: 'CUR_FRAME_2D': undeclared identifier
c:\users\david.chakkuthara\documents\educational\ece1718h\ece1718h\decoder\decoder.cpp(210): error C2541: 'delete': cannot delete objects that are not pointers
c:\users\david.chakkuthara\documents\educational\ece1718h\ece1718h\decoder\decoder.cpp(211): error C2065: 'REC_FRAME_2D': undeclared identifier
c:\users\david.chakkuthara\documents\educational\ece1718h\ece1718h\decoder\decoder.cpp(211): error C2541: 'delete': cannot delete objects that are not pointers
c:\users\david.chakkuthara\documents\educational\ece1718h\ece1718h\decoder\decoder.cpp(212): error C2065: 'REF_FRAME_2D': undeclared identifier
c:\users\david.chakkuthara\documents\educational\ece1718h\ece1718h\decoder\decoder.cpp(212): error C2541: 'delete': cannot delete objects that are not pointers
c:\users\david.chakkuthara\documents\educational\ece1718h\ece1718h\decoder\decoder.cpp(220): warning C4018: '<': signed/unsigned mismatch
  residual.cpp
c:\users\david.chakkuthara\documents\educational\ece1718h\ece1718h\source\residual.cpp(5): error C2660: 'generate_residual': function does not take 7 arguments
c:\users\david.chakkuthara\documents\educational\ece1718h\ece1718h\source\residual.cpp(10): error C2084: function 'unsigned char rounding(uint8_t,uint8_t)' already has a body
  c:\users\david.chakkuthara\documents\educational\ece1718h\ece1718h\encoder\residual.h(14): note: see previous definition of 'rounding'
c:\users\david.chakkuthara\documents\educational\ece1718h\ece1718h\source\residual.cpp(22): error C2568: '=': unable to resolve function overload
  c:\users\david.chakkuthara\documents\educational\ece1718h\ece1718h\source\residual.cpp(22): note: could be 'unsigned char rounding(uint8_t,uint8_t)'
  reconstructed.cpp
c:\users\david.chakkuthara\documents\educational\ece1718h\ece1718h\source\reconstructed.cpp(5): error C2660: 'generate_recon': function does not take 6 arguments
  Generating Code...
